Error: 执行命令 CreateTemplateFilesCommand 出错: EBUSY: resource busy or locked, open 'c:\Users\santhosh\Desktop\acs2\ACS Medical4\static\logo\psD5EA.tmp'
	at Object.openSync (fs.js:447:3)
	at Object.func (electron/js2c/asar.js:140:31)
	at Object.func [as openSync] (electron/js2c/asar.js:140:31)
	at Object.writeFileSync (fs.js:1206:35)
	at VscodeEditor.<anonymous> (c:\Users\santhosh\.vscode\extensions\qiu8310.dot-template-vscode-0.1.2\out\adapter\VscodeEditor.js:169:28)
	at step (c:\Users\santhosh\.vscode\extensions\qiu8310.dot-template-vscode-0.1.2\node_modules\tslib\tslib.js:141:27)
	at Object.next (c:\Users\santhosh\.vscode\extensions\qiu8310.dot-template-vscode-0.1.2\node_modules\tslib\tslib.js:122:57)
	at c:\Users\santhosh\.vscode\extensions\qiu8310.dot-template-vscode-0.1.2\node_modules\tslib\tslib.js:115:75
	at new Promise (<anonymous>)
	at Object.__awaiter (c:\Users\santhosh\.vscode\extensions\qiu8310.dot-template-vscode-0.1.2\node_modules\tslib\tslib.js:111:16)
	at VscodeEditor.setFileContentAsync (c:\Users\santhosh\.vscode\extensions\qiu8310.dot-template-vscode-0.1.2\out\adapter\VscodeEditor.js:159:24)
	at CreateTemplateFilesCommand.<anonymous> (c:\Users\santhosh\.vscode\extensions\qiu8310.dot-template-vscode-0.1.2\node_modules\dot-template-core\out\core\commands\Command.js:126:57)
	at step (c:\Users\santhosh\.vscode\extensions\qiu8310.dot-template-vscode-0.1.2\node_modules\dot-template-core\node_modules\tslib\tslib.js:133:27)
	at Object.next (c:\Users\santhosh\.vscode\extensions\qiu8310.dot-template-vscode-0.1.2\node_modules\dot-template-core\node_modules\tslib\tslib.js:114:57)
	at c:\Users\santhosh\.vscode\extensions\qiu8310.dot-template-vscode-0.1.2\node_modules\dot-template-core\node_modules\tslib\tslib.js:107:75
	at new Promise (<anonymous>)
	at Object.__awaiter (c:\Users\santhosh\.vscode\extensions\qiu8310.dot-template-vscode-0.1.2\node_modules\dot-template-core\node_modules\tslib\tslib.js:103:16)
	at CreateTemplateFilesCommand.Command.setFileContentAsync (c:\Users\santhosh\.vscode\extensions\qiu8310.dot-template-vscode-0.1.2\node_modules\dot-template-core\out\core\commands\Command.js:118:24)
	at CreateTemplateFilesCommand.<anonymous> (c:\Users\santhosh\.vscode\extensions\qiu8310.dot-template-vscode-0.1.2\node_modules\dot-template-core\out\core\commands\CreateTemplateFilesCommand.js:77:71)
	at step (c:\Users\santhosh\.vscode\extensions\qiu8310.dot-template-vscode-0.1.2\node_modules\dot-template-core\node_modules\tslib\tslib.js:133:27)
	at Object.next (c:\Users\santhosh\.vscode\extensions\qiu8310.dot-template-vscode-0.1.2\node_modules\dot-template-core\node_modules\tslib\tslib.js:114:57)
	at c:\Users\santhosh\.vscode\extensions\qiu8310.dot-template-vscode-0.1.2\node_modules\dot-template-core\node_modules\tslib\tslib.js:107:75
	at new Promise (<anonymous>)
	at Object.__awaiter (c:\Users\santhosh\.vscode\extensions\qiu8310.dot-template-vscode-0.1.2\node_modules\dot-template-core\node_modules\tslib\tslib.js:103:16)
	at c:\Users\santhosh\.vscode\extensions\qiu8310.dot-template-vscode-0.1.2\node_modules\dot-template-core\out\core\commands\CreateTemplateFilesCommand.js:48:107
	at Object.<anonymous> (c:\Users\santhosh\.vscode\extensions\qiu8310.dot-template-vscode-0.1.2\node_modules\dot-template-core\out\common\helper.js:44:58)
	at step (c:\Users\santhosh\.vscode\extensions\qiu8310.dot-template-vscode-0.1.2\node_modules\dot-template-core\node_modules\tslib\tslib.js:133:27)
	at Object.next (c:\Users\santhosh\.vscode\extensions\qiu8310.dot-template-vscode-0.1.2\node_modules\dot-template-core\node_modules\tslib\tslib.js:114:57)
	at c:\Users\santhosh\.vscode\extensions\qiu8310.dot-template-vscode-0.1.2\node_modules\dot-template-core\node_modules\tslib\tslib.js:107:75
	at new Promise (<anonymous>)
	at Object.__awaiter (c:\Users\santhosh\.vscode\extensions\qiu8310.dot-template-vscode-0.1.2\node_modules\dot-template-core\node_modules\tslib\tslib.js:103:16)
	at c:\Users\santhosh\.vscode\extensions\qiu8310.dot-template-vscode-0.1.2\node_modules\dot-template-core\out\common\helper.js:42:53
	at Object.<anonymous> (c:\Users\santhosh\.vscode\extensions\qiu8310.dot-template-vscode-0.1.2\node_modules\dot-template-core\out\common\helper.js:49:42)
	at step (c:\Users\santhosh\.vscode\extensions\qiu8310.dot-template-vscode-0.1.2\node_modules\dot-template-core\node_modules\tslib\tslib.js:133:27)
	at Object.next (c:\Users\santhosh\.vscode\extensions\qiu8310.dot-template-vscode-0.1.2\node_modules\dot-template-core\node_modules\tslib\tslib.js:114:57)
	at c:\Users\santhosh\.vscode\extensions\qiu8310.dot-template-vscode-0.1.2\node_modules\dot-template-core\node_modules\tslib\tslib.js:107:75
	at new Promise (<anonymous>)
	at Object.__awaiter (c:\Users\santhosh\.vscode\extensions\qiu8310.dot-template-vscode-0.1.2\node_modules\dot-template-core\node_modules\tslib\tslib.js:103:16)
	at Object.series (c:\Users\santhosh\.vscode\extensions\qiu8310.dot-template-vscode-0.1.2\node_modules\dot-template-core\out\common\helper.js:18:20)
	at CreateTemplateFilesCommand.<anonymous> (c:\Users\santhosh\.vscode\extensions\qiu8310.dot-template-vscode-0.1.2\node_modules\dot-template-core\out\core\commands\CreateTemplateFilesCommand.js:48:55)
	at step (c:\Users\santhosh\.vscode\extensions\qiu8310.dot-template-vscode-0.1.2\node_modules\dot-template-core\node_modules\tslib\tslib.js:133:27)
	at Object.next (c:\Users\santhosh\.vscode\extensions\qiu8310.dot-template-vscode-0.1.2\node_modules\dot-template-core\node_modules\tslib\tslib.js:114:57)
	at c:\Users\santhosh\.vscode\extensions\qiu8310.dot-template-vscode-0.1.2\node_modules\dot-template-core\node_modules\tslib\tslib.js:107:75
	at new Promise (<anonymous>)
	at Object.__awaiter (c:\Users\santhosh\.vscode\extensions\qiu8310.dot-template-vscode-0.1.2\node_modules\dot-template-core\node_modules\tslib\tslib.js:103:16)
	at CreateTemplateFilesCommand.execute (c:\Users\santhosh\.vscode\extensions\qiu8310.dot-template-vscode-0.1.2\node_modules\dot-template-core\out\core\commands\CreateTemplateFilesCommand.js:40:24)
	at CreateTemplateFilesCommand.<anonymous> (c:\Users\santhosh\.vscode\extensions\qiu8310.dot-template-vscode-0.1.2\node_modules\dot-template-core\out\core\commands\Command.js:190:51)
	at step (c:\Users\santhosh\.vscode\extensions\qiu8310.dot-template-vscode-0.1.2\node_modules\dot-template-core\node_modules\tslib\tslib.js:133:27)
	at Object.next (c:\Users\santhosh\.vscode\extensions\qiu8310.dot-template-vscode-0.1.2\node_modules\dot-template-core\node_modules\tslib\tslib.js:114:57)
	at c:\Users\santhosh\.vscode\extensions\qiu8310.dot-template-vscode-0.1.2\node_modules\dot-template-core\node_modules\tslib\tslib.js:107:75
	at new Promise (<anonymous>)
	at Object.__awaiter (c:\Users\santhosh\.vscode\extensions\qiu8310.dot-template-vscode-0.1.2\node_modules\dot-template-core\node_modules\tslib\tslib.js:103:16)
	at CreateTemplateFilesCommand.Command.run (c:\Users\santhosh\.vscode\extensions\qiu8310.dot-template-vscode-0.1.2\node_modules\dot-template-core\out\core\commands\Command.js:179:24)
	at Commander.<anonymous> (c:\Users\santhosh\.vscode\extensions\qiu8310.dot-template-vscode-0.1.2\node_modules\dot-template-core\out\core\Commander.js:43:54)
	at step (c:\Users\santhosh\.vscode\extensions\qiu8310.dot-template-vscode-0.1.2\node_modules\dot-template-core\node_modules\tslib\tslib.js:133:27)
	at Object.next (c:\Users\santhosh\.vscode\extensions\qiu8310.dot-template-vscode-0.1.2\node_modules\dot-template-core\node_modules\tslib\tslib.js:114:57)
	at c:\Users\santhosh\.vscode\extensions\qiu8310.dot-template-vscode-0.1.2\node_modules\dot-template-core\node_modules\tslib\tslib.js:107:75
	at new Promise (<anonymous>)
	at Object.__awaiter (c:\Users\santhosh\.vscode\extensions\qiu8310.dot-template-vscode-0.1.2\node_modules\dot-template-core\node_modules\tslib\tslib.js:103:16)
	at Commander.runCommand (c:\Users\santhosh\.vscode\extensions\qiu8310.dot-template-vscode-0.1.2\node_modules\dot-template-core\out\core\Commander.js:24:24)
	at Commander.<anonymous> (c:\Users\santhosh\.vscode\extensions\qiu8310.dot-template-vscode-0.1.2\node_modules\dot-template-core\out\core\Commander.js:99:51)
	at step (c:\Users\santhosh\.vscode\extensions\qiu8310.dot-template-vscode-0.1.2\node_modules\dot-template-core\node_modules\tslib\tslib.js:133:27)
	at Object.next (c:\Users\santhosh\.vscode\extensions\qiu8310.dot-template-vscode-0.1.2\node_modules\dot-template-core\node_modules\tslib\tslib.js:114:57)
	at c:\Users\santhosh\.vscode\extensions\qiu8310.dot-template-vscode-0.1.2\node_modules\dot-template-core\node_modules\tslib\tslib.js:107:75
	at new Promise (<anonymous>)
	at Object.__awaiter (c:\Users\santhosh\.vscode\extensions\qiu8310.dot-template-vscode-0.1.2\node_modules\dot-template-core\node_modules\tslib\tslib.js:103:16)
	at Commander.add (c:\Users\santhosh\.vscode\extensions\qiu8310.dot-template-vscode-0.1.2\node_modules\dot-template-core\out\core\Commander.js:92:24)
	at c:\Users\santhosh\.vscode\extensions\qiu8310.dot-template-vscode-0.1.2\node_modules\dot-template-core\out\core\Commander.js:160:76
	at Commander.<anonymous> (c:\Users\santhosh\.vscode\extensions\qiu8310.dot-template-vscode-0.1.2\node_modules\dot-template-core\out\core\Commander.js:129:46)
	at step (c:\Users\santhosh\.vscode\extensions\qiu8310.dot-template-vscode-0.1.2\node_modules\dot-template-core\node_modules\tslib\tslib.js:133:27)
	at Object.next (c:\Users\santhosh\.vscode\extensions\qiu8310.dot-template-vscode-0.1.2\node_modules\dot-template-core\node_modules\tslib\tslib.js:114:57)
	at c:\Users\santhosh\.vscode\extensions\qiu8310.dot-template-vscode-0.1.2\node_modules\dot-template-core\node_modules\tslib\tslib.js:107:75
	at new Promise (<anonymous>)
	at Object.__awaiter (c:\Users\santhosh\.vscode\extensions\qiu8310.dot-template-vscode-0.1.2\node_modules\dot-template-core\node_modules\tslib\tslib.js:103:16)
	at Commander.wrap (c:\Users\santhosh\.vscode\extensions\qiu8310.dot-template-vscode-0.1.2\node_modules\dot-template-core\out\core\Commander.js:123:24)
	at Commander.<anonymous> (c:\Users\santhosh\.vscode\extensions\qiu8310.dot-template-vscode-0.1.2\node_modules\dot-template-core\out\core\Commander.js:160:44)
	at step (c:\Users\santhosh\.vscode\extensions\qiu8310.dot-template-vscode-0.1.2\node_modules\dot-template-core\node_modules\tslib\tslib.js:133:27)
	at Object.next (c:\Users\santhosh\.vscode\extensions\qiu8310.dot-template-vscode-0.1.2\node_modules\dot-template-core\node_modules\tslib\tslib.js:114:57)
	at c:\Users\santhosh\.vscode\extensions\qiu8310.dot-template-vscode-0.1.2\node_modules\dot-template-core\node_modules\tslib\tslib.js:107:75
	at new Promise (<anonymous>)
	at Object.__awaiter (c:\Users\santhosh\.vscode\extensions\qiu8310.dot-template-vscode-0.1.2\node_modules\dot-template-core\node_modules\tslib\tslib.js:103:16)
	at Commander.addCreateTemplateFilesCommand (c:\Users\santhosh\.vscode\extensions\qiu8310.dot-template-vscode-0.1.2\node_modules\dot-template-core\out\core\Commander.js:157:24)
	at Application.<anonymous> (c:\Users\santhosh\.vscode\extensions\qiu8310.dot-template-vscode-0.1.2\node_modules\dot-template-core\out\core\Application.js:49:61)
	at step (c:\Users\santhosh\.vscode\extensions\qiu8310.dot-template-vscode-0.1.2\node_modules\dot-template-core\node_modules\tslib\tslib.js:133:27)
	at Object.next (c:\Users\santhosh\.vscode\extensions\qiu8310.dot-template-vscode-0.1.2\node_modules\dot-template-core\node_modules\tslib\tslib.js:114:57)
	at c:\Users\santhosh\.vscode\extensions\qiu8310.dot-template-vscode-0.1.2\node_modules\dot-template-core\node_modules\tslib\tslib.js:107:75
	at new Promise (<anonymous>)
	at Object.__awaiter (c:\Users\santhosh\.vscode\extensions\qiu8310.dot-template-vscode-0.1.2\node_modules\dot-template-core\node_modules\tslib\tslib.js:103:16)
	at Application.createTemplateFiles (c:\Users\santhosh\.vscode\extensions\qiu8310.dot-template-vscode-0.1.2\node_modules\dot-template-core\out\core\Application.js:47:28)
	at Application.<anonymous> (c:\Users\santhosh\.vscode\extensions\qiu8310.dot-template-vscode-0.1.2\node_modules\dot-template-core\out\core\Application.js:109:51)
	at step (c:\Users\santhosh\.vscode\extensions\qiu8310.dot-template-vscode-0.1.2\node_modules\dot-template-core\node_modules\tslib\tslib.js:133:27)
	at Object.next (c:\Users\santhosh\.vscode\extensions\qiu8310.dot-template-vscode-0.1.2\node_modules\dot-template-core\node_modules\tslib\tslib.js:114:57)
	at c:\Users\santhosh\.vscode\extensions\qiu8310.dot-template-vscode-0.1.2\node_modules\dot-template-core\node_modules\tslib\tslib.js:107:75
	at new Promise (<anonymous>)
	at Object.__awaiter (c:\Users\santhosh\.vscode\extensions\qiu8310.dot-template-vscode-0.1.2\node_modules\dot-template-core\node_modules\tslib\tslib.js:103:16)
	at run (c:\Users\santhosh\.vscode\extensions\qiu8310.dot-template-vscode-0.1.2\node_modules\dot-template-core\out\core\Application.js:84:48)
	at Application.<anonymous> (c:\Users\santhosh\.vscode\extensions\qiu8310.dot-template-vscode-0.1.2\node_modules\dot-template-core\out\core\Application.js:153:50)
	at step (c:\Users\santhosh\.vscode\extensions\qiu8310.dot-template-vscode-0.1.2\node_modules\dot-template-core\node_modules\tslib\tslib.js:133:27)
	at Object.next (c:\Users\santhosh\.vscode\extensions\qiu8310.dot-template-vscode-0.1.2\node_modules\dot-template-core\node_modules\tslib\tslib.js:114:57)
	at c:\Users\santhosh\.vscode\extensions\qiu8310.dot-template-vscode-0.1.2\node_modules\dot-template-core\node_modules\tslib\tslib.js:107:75